<?xml version="1.0" encoding="UTF-8"?>
<configuration>

    <!-- Console Appender configuration -->
    <appender name="console" class="ch.qos.logback.core.ConsoleAppender">
        <encoder>
            <!-- Pattern for log messages -->
            <pattern>%d{HH:mm:ss.SSS} [%thread] %-5level %logger{36} - %msg%n</pattern>
        </encoder>
    </appender>

    <!-- File Appender configuration -->
    <appender name="file" class="ch.qos.logback.core.FileAppender">
        <file>app.log</file> <!-- Specifies the log file -->
        <encoder>
            <!-- Pattern for log messages -->
            <pattern>%d{HH:mm:ss.SSS} [%thread] %-5level %logger{36} - %msg%n</pattern>
        </encoder>
    </appender>

    <!-- Root logger configuration -->
    <root level="debug">
        <!-- Reference to both appenders -->
        <appender-ref ref="console" />
        <appender-ref ref="file" />
    </root>

</configuration>
